 [2025-06-26 03:20:54.863 Info] Starting firmware update
 [2025-06-26 03:20:54.863 Info] Specified firmware file: D:\Documents\git\CBFirmware\Prog\Debug\f405rgt6.srec
 [2025-06-26 03:20:54.863 Info] Using LibOpenBLT version 1.03.12
 [2025-06-26 03:20:54.864 Info] Detected session protocol: XCP version 1.0
 [2025-06-26 03:20:54.864 Info] Using session protocol settings:
 [2025-06-26 03:20:54.864 Info]   -> Timeout T1: 1000 ms
 [2025-06-26 03:20:54.864 Info]   -> Timeout T3: 2000 ms
 [2025-06-26 03:20:54.864 Info]   -> Timeout T4: 10000 ms
 [2025-06-26 03:20:54.864 Info]   -> Timeout T5: 1000 ms
 [2025-06-26 03:20:54.864 Info]   -> Timeout T6: 50 ms
 [2025-06-26 03:20:54.864 Info]   -> Timeout T7: 2000 ms
 [2025-06-26 03:20:54.864 Info]   -> Seed/Key file: None
 [2025-06-26 03:20:54.864 Info]   -> Connection mode: 0
 [2025-06-26 03:20:54.864 Info] Detected transport layer: XCP on USB
 [2025-06-26 03:20:54.864 Info] Using transport layer settings:
 [2025-06-26 03:20:54.864 Info]   -> No additional settings required
 [2025-06-26 03:20:54.864 Info] Initializing firmware update engine
 [2025-06-26 03:20:54.865 Info] Loading firmware data from file
 [2025-06-26 03:20:54.886 Info]   -> Number of segments: 2
 [2025-06-26 03:20:54.886 Info]   -> Base memory address: 0800C000h
 [2025-06-26 03:20:54.886 Info]   -> Total data size: 59048
 [2025-06-26 03:20:54.886 Info] Connecting to the target
 [2025-06-26 03:20:54.890 Info] Erasing 392 bytes starting at 0800C000h
 [2025-06-26 03:20:55.123 Info] Erasing 32768 bytes starting at 0800C190h
 [2025-06-26 03:20:55.664 Info] Erasing 25888 bytes starting at 08014190h
 [2025-06-26 03:20:55.668 Info] Programming 256 bytes starting at 0800C000h
 [2025-06-26 03:20:55.675 Info] Programming 136 bytes starting at 0800C100h
 [2025-06-26 03:20:55.678 Info] Programming 256 bytes starting at 0800C190h
 [2025-06-26 03:20:55.686 Info] Programming 256 bytes starting at 0800C290h
 [2025-06-26 03:20:55.692 Info] Programming 256 bytes starting at 0800C390h
 [2025-06-26 03:20:55.701 Info] Programming 256 bytes starting at 0800C490h
 [2025-06-26 03:20:55.707 Info] Programming 256 bytes starting at 0800C590h
 [2025-06-26 03:20:55.716 Info] Programming 256 bytes starting at 0800C690h
 [2025-06-26 03:20:55.722 Info] Programming 256 bytes starting at 0800C790h
 [2025-06-26 03:20:55.731 Info] Programming 256 bytes starting at 0800C890h
 [2025-06-26 03:20:55.737 Info] Programming 256 bytes starting at 0800C990h
 [2025-06-26 03:20:55.746 Info] Programming 256 bytes starting at 0800CA90h
 [2025-06-26 03:20:55.752 Info] Programming 256 bytes starting at 0800CB90h
 [2025-06-26 03:20:55.761 Info] Programming 256 bytes starting at 0800CC90h
 [2025-06-26 03:20:55.767 Info] Programming 256 bytes starting at 0800CD90h
 [2025-06-26 03:20:55.776 Info] Programming 256 bytes starting at 0800CE90h
 [2025-06-26 03:20:55.782 Info] Programming 256 bytes starting at 0800CF90h
 [2025-06-26 03:20:55.791 Info] Programming 256 bytes starting at 0800D090h
 [2025-06-26 03:20:55.797 Info] Programming 256 bytes starting at 0800D190h
 [2025-06-26 03:20:55.806 Info] Programming 256 bytes starting at 0800D290h
 [2025-06-26 03:20:55.812 Info] Programming 256 bytes starting at 0800D390h
 [2025-06-26 03:20:55.821 Info] Programming 256 bytes starting at 0800D490h
 [2025-06-26 03:20:55.827 Info] Programming 256 bytes starting at 0800D590h
 [2025-06-26 03:20:55.836 Info] Programming 256 bytes starting at 0800D690h
 [2025-06-26 03:20:55.842 Info] Programming 256 bytes starting at 0800D790h
 [2025-06-26 03:20:55.851 Info] Programming 256 bytes starting at 0800D890h
 [2025-06-26 03:20:55.857 Info] Programming 256 bytes starting at 0800D990h
 [2025-06-26 03:20:55.866 Info] Programming 256 bytes starting at 0800DA90h
 [2025-06-26 03:20:55.872 Info] Programming 256 bytes starting at 0800DB90h
 [2025-06-26 03:20:55.881 Info] Programming 256 bytes starting at 0800DC90h
 [2025-06-26 03:20:55.887 Info] Programming 256 bytes starting at 0800DD90h
 [2025-06-26 03:20:55.896 Info] Programming 256 bytes starting at 0800DE90h
 [2025-06-26 03:20:55.902 Info] Programming 256 bytes starting at 0800DF90h
 [2025-06-26 03:20:55.911 Info] Programming 256 bytes starting at 0800E090h
 [2025-06-26 03:20:55.917 Info] Programming 256 bytes starting at 0800E190h
 [2025-06-26 03:20:55.926 Info] Programming 256 bytes starting at 0800E290h
 [2025-06-26 03:20:55.932 Info] Programming 256 bytes starting at 0800E390h
 [2025-06-26 03:20:55.941 Info] Programming 256 bytes starting at 0800E490h
 [2025-06-26 03:20:55.947 Info] Programming 256 bytes starting at 0800E590h
 [2025-06-26 03:20:55.956 Info] Programming 256 bytes starting at 0800E690h
 [2025-06-26 03:20:55.962 Info] Programming 256 bytes starting at 0800E790h
 [2025-06-26 03:20:55.971 Info] Programming 256 bytes starting at 0800E890h
 [2025-06-26 03:20:55.977 Info] Programming 256 bytes starting at 0800E990h
 [2025-06-26 03:20:55.986 Info] Programming 256 bytes starting at 0800EA90h
 [2025-06-26 03:20:55.992 Info] Programming 256 bytes starting at 0800EB90h
 [2025-06-26 03:20:56.001 Info] Programming 256 bytes starting at 0800EC90h
 [2025-06-26 03:20:56.007 Info] Programming 256 bytes starting at 0800ED90h
 [2025-06-26 03:20:56.016 Info] Programming 256 bytes starting at 0800EE90h
 [2025-06-26 03:20:56.022 Info] Programming 256 bytes starting at 0800EF90h
 [2025-06-26 03:20:56.031 Info] Programming 256 bytes starting at 0800F090h
 [2025-06-26 03:20:56.036 Info] Programming 256 bytes starting at 0800F190h
 [2025-06-26 03:20:56.046 Info] Programming 256 bytes starting at 0800F290h
 [2025-06-26 03:20:56.052 Info] Programming 256 bytes starting at 0800F390h
 [2025-06-26 03:20:56.061 Info] Programming 256 bytes starting at 0800F490h
 [2025-06-26 03:20:56.067 Info] Programming 256 bytes starting at 0800F590h
 [2025-06-26 03:20:56.076 Info] Programming 256 bytes starting at 0800F690h
 [2025-06-26 03:20:56.082 Info] Programming 256 bytes starting at 0800F790h
 [2025-06-26 03:20:56.091 Info] Programming 256 bytes starting at 0800F890h
 [2025-06-26 03:20:56.097 Info] Programming 256 bytes starting at 0800F990h
 [2025-06-26 03:20:56.106 Info] Programming 256 bytes starting at 0800FA90h
 [2025-06-26 03:20:56.112 Info] Programming 256 bytes starting at 0800FB90h
 [2025-06-26 03:20:56.121 Info] Programming 256 bytes starting at 0800FC90h
 [2025-06-26 03:20:56.127 Info] Programming 256 bytes starting at 0800FD90h
 [2025-06-26 03:20:56.136 Info] Programming 256 bytes starting at 0800FE90h
 [2025-06-26 03:20:56.142 Info] Programming 256 bytes starting at 0800FF90h
 [2025-06-26 03:20:56.151 Info] Programming 256 bytes starting at 08010090h
 [2025-06-26 03:20:56.157 Info] Programming 256 bytes starting at 08010190h
 [2025-06-26 03:20:56.166 Info] Programming 256 bytes starting at 08010290h
 [2025-06-26 03:20:56.173 Info] Programming 256 bytes starting at 08010390h
 [2025-06-26 03:20:56.182 Info] Programming 256 bytes starting at 08010490h
 [2025-06-26 03:20:56.188 Info] Programming 256 bytes starting at 08010590h
 [2025-06-26 03:20:56.197 Info] Programming 256 bytes starting at 08010690h
 [2025-06-26 03:20:56.203 Info] Programming 256 bytes starting at 08010790h
 [2025-06-26 03:20:56.212 Info] Programming 256 bytes starting at 08010890h
 [2025-06-26 03:20:56.218 Info] Programming 256 bytes starting at 08010990h
 [2025-06-26 03:20:56.227 Info] Programming 256 bytes starting at 08010A90h
 [2025-06-26 03:20:56.233 Info] Programming 256 bytes starting at 08010B90h
 [2025-06-26 03:20:56.242 Info] Programming 256 bytes starting at 08010C90h
 [2025-06-26 03:20:56.248 Info] Programming 256 bytes starting at 08010D90h
 [2025-06-26 03:20:56.257 Info] Programming 256 bytes starting at 08010E90h
 [2025-06-26 03:20:56.263 Info] Programming 256 bytes starting at 08010F90h
 [2025-06-26 03:20:56.272 Info] Programming 256 bytes starting at 08011090h
 [2025-06-26 03:20:56.278 Info] Programming 256 bytes starting at 08011190h
 [2025-06-26 03:20:56.287 Info] Programming 256 bytes starting at 08011290h
 [2025-06-26 03:20:56.293 Info] Programming 256 bytes starting at 08011390h
 [2025-06-26 03:20:56.302 Info] Programming 256 bytes starting at 08011490h
 [2025-06-26 03:20:56.307 Info] Programming 256 bytes starting at 08011590h
 [2025-06-26 03:20:56.317 Info] Programming 256 bytes starting at 08011690h
 [2025-06-26 03:20:56.323 Info] Programming 256 bytes starting at 08011790h
 [2025-06-26 03:20:56.332 Info] Programming 256 bytes starting at 08011890h
 [2025-06-26 03:20:56.338 Info] Programming 256 bytes starting at 08011990h
 [2025-06-26 03:20:56.347 Info] Programming 256 bytes starting at 08011A90h
 [2025-06-26 03:20:56.353 Info] Programming 256 bytes starting at 08011B90h
 [2025-06-26 03:20:56.362 Info] Programming 256 bytes starting at 08011C90h
 [2025-06-26 03:20:56.368 Info] Programming 256 bytes starting at 08011D90h
 [2025-06-26 03:20:56.377 Info] Programming 256 bytes starting at 08011E90h
 [2025-06-26 03:20:56.383 Info] Programming 256 bytes starting at 08011F90h
 [2025-06-26 03:20:56.392 Info] Programming 256 bytes starting at 08012090h
 [2025-06-26 03:20:56.398 Info] Programming 256 bytes starting at 08012190h
 [2025-06-26 03:20:56.407 Info] Programming 256 bytes starting at 08012290h
 [2025-06-26 03:20:56.413 Info] Programming 256 bytes starting at 08012390h
 [2025-06-26 03:20:56.422 Info] Programming 256 bytes starting at 08012490h
 [2025-06-26 03:20:56.428 Info] Programming 256 bytes starting at 08012590h
 [2025-06-26 03:20:56.437 Info] Programming 256 bytes starting at 08012690h
 [2025-06-26 03:20:56.443 Info] Programming 256 bytes starting at 08012790h
 [2025-06-26 03:20:56.452 Info] Programming 256 bytes starting at 08012890h
 [2025-06-26 03:20:56.458 Info] Programming 256 bytes starting at 08012990h
 [2025-06-26 03:20:56.467 Info] Programming 256 bytes starting at 08012A90h
 [2025-06-26 03:20:56.472 Info] Programming 256 bytes starting at 08012B90h
 [2025-06-26 03:20:56.482 Info] Programming 256 bytes starting at 08012C90h
 [2025-06-26 03:20:56.488 Info] Programming 256 bytes starting at 08012D90h
 [2025-06-26 03:20:56.497 Info] Programming 256 bytes starting at 08012E90h
 [2025-06-26 03:20:56.503 Info] Programming 256 bytes starting at 08012F90h
 [2025-06-26 03:20:56.512 Info] Programming 256 bytes starting at 08013090h
 [2025-06-26 03:20:56.518 Info] Programming 256 bytes starting at 08013190h
 [2025-06-26 03:20:56.527 Info] Programming 256 bytes starting at 08013290h
 [2025-06-26 03:20:56.533 Info] Programming 256 bytes starting at 08013390h
 [2025-06-26 03:20:56.542 Info] Programming 256 bytes starting at 08013490h
 [2025-06-26 03:20:56.548 Info] Programming 256 bytes starting at 08013590h
 [2025-06-26 03:20:56.557 Info] Programming 256 bytes starting at 08013690h
 [2025-06-26 03:20:56.563 Info] Programming 256 bytes starting at 08013790h
 [2025-06-26 03:20:56.572 Info] Programming 256 bytes starting at 08013890h
 [2025-06-26 03:20:56.578 Info] Programming 256 bytes starting at 08013990h
 [2025-06-26 03:20:56.587 Info] Programming 256 bytes starting at 08013A90h
 [2025-06-26 03:20:56.593 Info] Programming 256 bytes starting at 08013B90h
 [2025-06-26 03:20:56.602 Info] Programming 256 bytes starting at 08013C90h
 [2025-06-26 03:20:56.608 Info] Programming 256 bytes starting at 08013D90h
 [2025-06-26 03:20:56.617 Info] Programming 256 bytes starting at 08013E90h
 [2025-06-26 03:20:56.623 Info] Programming 256 bytes starting at 08013F90h
 [2025-06-26 03:20:56.632 Info] Programming 256 bytes starting at 08014090h
 [2025-06-26 03:20:56.638 Info] Programming 256 bytes starting at 08014190h
 [2025-06-26 03:20:56.647 Info] Programming 256 bytes starting at 08014290h
 [2025-06-26 03:20:56.653 Info] Programming 256 bytes starting at 08014390h
 [2025-06-26 03:20:56.662 Info] Programming 256 bytes starting at 08014490h
 [2025-06-26 03:20:56.668 Info] Programming 256 bytes starting at 08014590h
 [2025-06-26 03:20:56.677 Info] Programming 256 bytes starting at 08014690h
 [2025-06-26 03:20:56.683 Info] Programming 256 bytes starting at 08014790h
 [2025-06-26 03:20:56.692 Info] Programming 256 bytes starting at 08014890h
 [2025-06-26 03:20:56.698 Info] Programming 256 bytes starting at 08014990h
 [2025-06-26 03:20:56.707 Info] Programming 256 bytes starting at 08014A90h
 [2025-06-26 03:20:56.713 Info] Programming 256 bytes starting at 08014B90h
 [2025-06-26 03:20:56.722 Info] Programming 256 bytes starting at 08014C90h
 [2025-06-26 03:20:56.728 Info] Programming 256 bytes starting at 08014D90h
 [2025-06-26 03:20:56.737 Info] Programming 256 bytes starting at 08014E90h
 [2025-06-26 03:20:56.743 Info] Programming 256 bytes starting at 08014F90h
 [2025-06-26 03:20:56.752 Info] Programming 256 bytes starting at 08015090h
 [2025-06-26 03:20:56.758 Info] Programming 256 bytes starting at 08015190h
 [2025-06-26 03:20:56.767 Info] Programming 256 bytes starting at 08015290h
 [2025-06-26 03:20:56.773 Info] Programming 256 bytes starting at 08015390h
 [2025-06-26 03:20:56.782 Info] Programming 256 bytes starting at 08015490h
 [2025-06-26 03:20:56.788 Info] Programming 256 bytes starting at 08015590h
 [2025-06-26 03:20:56.797 Info] Programming 256 bytes starting at 08015690h
 [2025-06-26 03:20:56.803 Info] Programming 256 bytes starting at 08015790h
 [2025-06-26 03:20:56.812 Info] Programming 256 bytes starting at 08015890h
 [2025-06-26 03:20:56.818 Info] Programming 256 bytes starting at 08015990h
 [2025-06-26 03:20:56.827 Info] Programming 256 bytes starting at 08015A90h
 [2025-06-26 03:20:56.833 Info] Programming 256 bytes starting at 08015B90h
 [2025-06-26 03:20:56.842 Info] Programming 256 bytes starting at 08015C90h
 [2025-06-26 03:20:56.848 Info] Programming 256 bytes starting at 08015D90h
 [2025-06-26 03:20:56.857 Info] Programming 256 bytes starting at 08015E90h
 [2025-06-26 03:20:56.863 Info] Programming 256 bytes starting at 08015F90h
 [2025-06-26 03:20:56.872 Info] Programming 256 bytes starting at 08016090h
 [2025-06-26 03:20:56.878 Info] Programming 256 bytes starting at 08016190h
 [2025-06-26 03:20:56.887 Info] Programming 256 bytes starting at 08016290h
 [2025-06-26 03:20:56.893 Info] Programming 256 bytes starting at 08016390h
 [2025-06-26 03:20:56.902 Info] Programming 256 bytes starting at 08016490h
 [2025-06-26 03:20:56.908 Info] Programming 256 bytes starting at 08016590h
 [2025-06-26 03:20:56.917 Info] Programming 256 bytes starting at 08016690h
 [2025-06-26 03:20:56.923 Info] Programming 256 bytes starting at 08016790h
 [2025-06-26 03:20:56.932 Info] Programming 256 bytes starting at 08016890h
 [2025-06-26 03:20:56.938 Info] Programming 256 bytes starting at 08016990h
 [2025-06-26 03:20:56.947 Info] Programming 256 bytes starting at 08016A90h
 [2025-06-26 03:20:56.953 Info] Programming 256 bytes starting at 08016B90h
 [2025-06-26 03:20:56.962 Info] Programming 256 bytes starting at 08016C90h
 [2025-06-26 03:20:56.968 Info] Programming 256 bytes starting at 08016D90h
 [2025-06-26 03:20:56.977 Info] Programming 256 bytes starting at 08016E90h
 [2025-06-26 03:20:56.983 Info] Programming 256 bytes starting at 08016F90h
 [2025-06-26 03:20:56.992 Info] Programming 256 bytes starting at 08017090h
 [2025-06-26 03:20:56.998 Info] Programming 256 bytes starting at 08017190h
 [2025-06-26 03:20:57.007 Info] Programming 256 bytes starting at 08017290h
 [2025-06-26 03:20:57.013 Info] Programming 256 bytes starting at 08017390h
 [2025-06-26 03:20:57.022 Info] Programming 256 bytes starting at 08017490h
 [2025-06-26 03:20:57.028 Info] Programming 256 bytes starting at 08017590h
 [2025-06-26 03:20:57.037 Info] Programming 256 bytes starting at 08017690h
 [2025-06-26 03:20:57.043 Info] Programming 256 bytes starting at 08017790h
 [2025-06-26 03:20:57.052 Info] Programming 256 bytes starting at 08017890h
 [2025-06-26 03:20:57.058 Info] Programming 256 bytes starting at 08017990h
 [2025-06-26 03:20:57.067 Info] Programming 256 bytes starting at 08017A90h
 [2025-06-26 03:20:57.073 Info] Programming 256 bytes starting at 08017B90h
 [2025-06-26 03:20:57.082 Info] Programming 256 bytes starting at 08017C90h
 [2025-06-26 03:20:57.088 Info] Programming 256 bytes starting at 08017D90h
 [2025-06-26 03:20:57.097 Info] Programming 256 bytes starting at 08017E90h
 [2025-06-26 03:20:57.103 Info] Programming 256 bytes starting at 08017F90h
 [2025-06-26 03:20:57.112 Info] Programming 256 bytes starting at 08018090h
 [2025-06-26 03:20:57.118 Info] Programming 256 bytes starting at 08018190h
 [2025-06-26 03:20:57.127 Info] Programming 256 bytes starting at 08018290h
 [2025-06-26 03:20:57.133 Info] Programming 256 bytes starting at 08018390h
 [2025-06-26 03:20:57.142 Info] Programming 256 bytes starting at 08018490h
 [2025-06-26 03:20:57.148 Info] Programming 256 bytes starting at 08018590h
 [2025-06-26 03:20:57.157 Info] Programming 256 bytes starting at 08018690h
 [2025-06-26 03:20:57.163 Info] Programming 256 bytes starting at 08018790h
 [2025-06-26 03:20:57.172 Info] Programming 256 bytes starting at 08018890h
 [2025-06-26 03:20:57.178 Info] Programming 256 bytes starting at 08018990h
 [2025-06-26 03:20:57.187 Info] Programming 256 bytes starting at 08018A90h
 [2025-06-26 03:20:57.193 Info] Programming 256 bytes starting at 08018B90h
 [2025-06-26 03:20:57.202 Info] Programming 256 bytes starting at 08018C90h
 [2025-06-26 03:20:57.208 Info] Programming 256 bytes starting at 08018D90h
 [2025-06-26 03:20:57.217 Info] Programming 256 bytes starting at 08018E90h
 [2025-06-26 03:20:57.223 Info] Programming 256 bytes starting at 08018F90h
 [2025-06-26 03:20:57.232 Info] Programming 256 bytes starting at 08019090h
 [2025-06-26 03:20:57.238 Info] Programming 256 bytes starting at 08019190h
 [2025-06-26 03:20:57.247 Info] Programming 256 bytes starting at 08019290h
 [2025-06-26 03:20:57.253 Info] Programming 256 bytes starting at 08019390h
 [2025-06-26 03:20:57.262 Info] Programming 256 bytes starting at 08019490h
 [2025-06-26 03:20:57.268 Info] Programming 256 bytes starting at 08019590h
 [2025-06-26 03:20:57.277 Info] Programming 256 bytes starting at 08019690h
 [2025-06-26 03:20:57.283 Info] Programming 256 bytes starting at 08019790h
 [2025-06-26 03:20:57.292 Info] Programming 256 bytes starting at 08019890h
 [2025-06-26 03:20:57.298 Info] Programming 256 bytes starting at 08019990h
 [2025-06-26 03:20:57.307 Info] Programming 256 bytes starting at 08019A90h
 [2025-06-26 03:20:57.313 Info] Programming 256 bytes starting at 08019B90h
 [2025-06-26 03:20:57.322 Info] Programming 256 bytes starting at 08019C90h
 [2025-06-26 03:20:57.328 Info] Programming 256 bytes starting at 08019D90h
 [2025-06-26 03:20:57.337 Info] Programming 256 bytes starting at 08019E90h
 [2025-06-26 03:20:57.343 Info] Programming 256 bytes starting at 08019F90h
 [2025-06-26 03:20:57.352 Info] Programming 256 bytes starting at 0801A090h
 [2025-06-26 03:20:57.358 Info] Programming 256 bytes starting at 0801A190h
 [2025-06-26 03:20:57.367 Info] Programming 256 bytes starting at 0801A290h
 [2025-06-26 03:20:57.373 Info] Programming 256 bytes starting at 0801A390h
 [2025-06-26 03:20:57.382 Info] Programming 256 bytes starting at 0801A490h
 [2025-06-26 03:20:57.388 Info] Programming 256 bytes starting at 0801A590h
 [2025-06-26 03:20:57.397 Info] Programming 32 bytes starting at 0801A690h
 [2025-06-26 03:20:57.399 Info] Finishing programming session
 [2025-06-26 03:20:57.403 Info] Firmware update completed successfully
